#! /usr/bin/vvp
:ivl_version "0.9.7 " "(v0_9_7)";
:vpi_time_precision - 9;
:vpi_module "system";
:vpi_module "v2005_math";
:vpi_module "va_math";
S_0x1001e50 .scope module, "DataPath" "DataPath" 2 2;
 .timescale -9 -9;
v0x1024230_0 .net *"_s0", 31 0, L_0x1027100; 1 drivers
v0x10242b0_0 .net *"_s11", 0 0, L_0x1027880; 1 drivers
v0x1024330_0 .net *"_s12", 3 0, L_0x1027970; 1 drivers
v0x10243d0_0 .net *"_s14", 11 0, L_0x1027af0; 1 drivers
v0x1024450_0 .net *"_s25", 2 0, L_0x1027fe0; 1 drivers
v0x10244f0_0 .net *"_s27", 2 0, L_0x1028080; 1 drivers
v0x10245d0_0 .net *"_s3", 19 0, C4<00000000000000000000>; 1 drivers
v0x1024670_0 .net *"_s32", 4 0, C4<00000>; 1 drivers
v0x1024710_0 .net *"_s35", 2 0, L_0x1028460; 1 drivers
v0x10247b0_0 .net *"_s36", 7 0, L_0x1028590; 1 drivers
v0x1024850_0 .net *"_s38", 7 0, L_0x1028710; 1 drivers
v0x10248f0_0 .net *"_s4", 31 0, C4<00000000000000000000000000000001>; 1 drivers
v0x1024990_0 .net *"_s42", 11 0, C4<000000000001>; 1 drivers
v0x1024a30_0 .net *"_s6", 31 0, L_0x10272a0; 1 drivers
v0x1024b50_0 .net "acode", 2 0, C4<zzz>; 0 drivers
v0x1024bd0_0 .net "alu_carry_out", 0 0, v0x101edc0_0; 1 drivers
v0x1024ab0_0 .net "alu_result", 7 0, v0x101ebd0_0; 1 drivers
v0x1024d10_0 .net "alu_src", 0 0, C4<z>; 0 drivers
v0x1024c50_0 .net "branched_pc", 11 0, L_0x1027b90; 1 drivers
v0x1024e60_0 .var "carry", 0 0;
v0x1024f90_0 .net "clk", 0 0, C4<z>; 0 drivers
v0x1025010_0 .net "data_memory_out", 7 0, v0x101e340_0; 1 drivers
v0x1024ee0_0 .net "exmem_out_MEM_mem_read_write", 0 0, v0x10218d0_0; 1 drivers
v0x10251a0_0 .net "exmem_out_MEM_pc_src", 1 0, v0x1021b70_0; 1 drivers
v0x1025090_0 .net "exmem_out_WB_mem_or_alu", 0 0, v0x1021a90_0; 1 drivers
v0x1025340_0 .net "exmem_out_WB_reg_write_signal", 0 0, v0x1021cc0_0; 1 drivers
v0x1025220_0 .net "exmem_out_alu_result", 7 0, v0x1021bf0_0; 1 drivers
v0x10254a0_0 .net "exmem_out_data_2", 7 0, v0x1021df0_0; 1 drivers
v0x10253c0_0 .net "exmem_out_new_branch_pc", 11 0, v0x1021d40_0; 1 drivers
v0x1025610_0 .net "exmem_out_reg_write", 2 0, v0x1021f30_0; 1 drivers
v0x1025520_0 .net "idex_WB_reg_write_signal", 0 0, C4<z>; 0 drivers
v0x1025790_0 .net "idex_out_EX_acode", 2 0, v0x1023440_0; 1 drivers
v0x1025690_0 .net "idex_out_EX_alu_src", 0 0, v0x1023350_0; 1 drivers
v0x1025710_0 .net "idex_out_EX_is_shift", 0 0, v0x10235c0_0; 1 drivers
v0x1025980_0 .net "idex_out_EX_scode", 1 0, v0x10234c0_0; 1 drivers
v0x1025a50_0 .net "idex_out_EX_update_z_c", 0 0, v0x1023750_0; 1 drivers
v0x1025860_0 .net "idex_out_MEM_mem_read_write", 0 0, v0x1023640_0; 1 drivers
v0x1025c00_0 .net "idex_out_MEM_pc_src", 1 0, v0x10236c0_0; 1 drivers
v0x1025ad0_0 .net "idex_out_MEM_read_write", 0 0, C4<z>; 0 drivers
v0x1025b50_0 .net "idex_out_WB_mem_or_alu", 0 0, v0x1023900_0; 1 drivers
v0x1025e20_0 .net "idex_out_WB_reg_write_signal", 0 0, v0x1023980_0; 1 drivers
v0x1025ea0_0 .net "idex_out_data_1", 7 0, v0x10237d0_0; 1 drivers
v0x1025cd0_0 .net "idex_out_data_2", 7 0, v0x1023880_0; 1 drivers
v0x1026080_0 .net "idex_out_ins1311", 2 0, v0x1023b80_0; 1 drivers
v0x1025f70_0 .net "idex_out_ins70", 7 0, v0x1023c30_0; 1 drivers
v0x1025ff0_0 .net "idex_out_new_pc", 11 0, v0x1023a00_0; 1 drivers
v0x1026280_0 .net "ifid_out_instruction", 18 0, v0x1024130_0; 1 drivers
v0x1026300_0 .net "ifid_out_new_pc", 11 0, v0x10241b0_0; 1 drivers
v0x1026150_0 .net "incremented_pc", 11 0, L_0x1027740; 1 drivers
v0x10261d0_0 .net "instruction", 18 0, v0x1020120_0; 1 drivers
v0x1026570_0 .net "is_shift", 0 0, C4<z>; 0 drivers
v0x10265f0_0 .net "mem_or_alu", 0 0, C4<z>; 0 drivers
v0x1026380_0 .net "mem_read_write", 0 0, C4<z>; 0 drivers
v0x1026400_0 .net "memwb_out_WB_mem_or_alu", 0 0, v0x10209e0_0; 1 drivers
v0x1026480_0 .net "memwb_out_WB_reg_write_signal", 0 0, v0x1020ac0_0; 1 drivers
v0x1026830_0 .net "memwb_out_alu_result", 7 0, v0x1020b40_0; 1 drivers
v0x1026670_0 .net "memwb_out_read_data", 7 0, v0x1020be0_0; 1 drivers
v0x1026720_0 .net "memwb_out_reg_write", 2 0, v0x1020c80_0; 1 drivers
v0x1026a90_0 .var "pc", 11 0;
v0x1026b10_0 .net "pc_src", 1 0, C4<zz>; 0 drivers
v0x10268b0_0 .net "reg2_read_source", 0 0, C4<z>; 0 drivers
v0x1026930_0 .net "reg_out_1", 7 0, v0x101fa40_0; 1 drivers
v0x1026a00_0 .net "reg_out_2", 7 0, v0x101fac0_0; 1 drivers
v0x1026de0_0 .net "reg_write_signal", 0 0, C4<z>; 0 drivers
v0x1026b90_0 .net "rst", 0 0, C4<z>; 0 drivers
v0x1026c10_0 .net "scode", 1 0, C4<zz>; 0 drivers
v0x1026c90_0 .net "stack_out", 11 0, v0x101d9d0_0; 1 drivers
v0x1027080_0 .net "stack_overflow", 0 0, v0x101d920_0; 1 drivers
v0x1026e60_0 .net "stack_pop", 0 0, C4<z>; 0 drivers
v0x1026f10_0 .net "stack_push", 0 0, C4<z>; 0 drivers
v0x1026fc0_0 .net "update_z_c", 0 0, C4<z>; 0 drivers
v0x1027340_0 .net "zero", 0 0, v0x101f410_0; 1 drivers
E_0xfb9870 .event edge, v0x101fa40_0;
L_0x1027100 .concat [ 12 20 0 0], v0x1026a90_0, C4<00000000000000000000>;
L_0x10272a0 .arith/sum 32, L_0x1027100, C4<00000000000000000000000000000001>;
L_0x1027740 .part L_0x10272a0, 0, 12;
L_0x1027880 .part v0x1023c30_0, 7, 1;
L_0x1027970 .concat [ 1 1 1 1], L_0x1027880, L_0x1027880, L_0x1027880, L_0x1027880;
L_0x1027af0 .concat [ 8 4 0 0], v0x1023c30_0, L_0x1027970;
L_0x1027b90 .arith/sum 12, v0x1023a00_0, L_0x1027af0;
L_0x1027d20 .part v0x1020120_0, 0, 8;
L_0x1027e10 .part v0x1020120_0, 11, 3;
L_0x1027f40 .part v0x1024130_0, 8, 3;
L_0x1027fe0 .part v0x1024130_0, 11, 3;
L_0x1028080 .part v0x1024130_0, 5, 3;
L_0x10281b0 .functor MUXZ 3, L_0x1028080, L_0x1027fe0, C4<z>, C4<>;
L_0x1028250 .functor MUXZ 8, v0x1020be0_0, v0x1020b40_0, v0x10209e0_0, C4<>;
L_0x1028460 .part v0x1023c30_0, 5, 3;
L_0x1028590 .concat [ 3 5 0 0], L_0x1028460, C4<00000>;
L_0x1028710 .functor MUXZ 8, v0x1023880_0, L_0x1028590, v0x10235c0_0, C4<>;
L_0x1028800 .functor MUXZ 8, L_0x1028710, v0x1023c30_0, v0x1023350_0, C4<>;
L_0x1028990 .arith/sum 12, v0x1026a90_0, C4<000000000001>;
S_0x1023e10 .scope module, "ifid" "IFID" 2 29, 3 2, S_0x1001e50;
 .timescale -9 -9;
v0x1023a80_0 .alias "clk", 0 0, v0x1024f90_0;
v0x1023f00_0 .alias "in_instruction", 18 0, v0x10261d0_0;
v0x1023f80_0 .alias "in_new_pc", 11 0, v0x1026150_0;
v0x1024000_0 .var "instruction", 0 0;
v0x10240b0_0 .var "new_pc", 0 0;
v0x1024130_0 .var "out_instruction", 18 0;
v0x10241b0_0 .var "out_new_pc", 11 0;
S_0x1022080 .scope module, "idex" "IDEX" 2 34, 4 2, S_0x1001e50;
 .timescale -9 -9;
v0x1022170_0 .var "EX_acode", 2 0;
v0x10221f0_0 .var "EX_alu_src", 0 0;
v0x1022270_0 .var "EX_is_shift", 0 0;
v0x10222f0_0 .var "EX_scode", 1 0;
v0x10223a0_0 .var "EX_update_z_c", 0 0;
v0x1022420_0 .var "MEM_mem_read_write", 0 0;
v0x10224c0_0 .var "MEM_pc_src", 1 0;
v0x1022560_0 .var "WB_mem_or_alu", 0 0;
v0x1022600_0 .var "WB_reg_write_signal", 0 0;
v0x10226a0_0 .alias "clk", 0 0, v0x1024f90_0;
v0x1022720_0 .var "data_1", 7 0;
v0x10227c0_0 .var "data_2", 7 0;
v0x1022860_0 .alias "in_EX_acode", 2 0, v0x1024b50_0;
v0x1022900_0 .alias "in_EX_alu_src", 0 0, v0x1024d10_0;
v0x1022a20_0 .alias "in_EX_is_shift", 0 0, v0x1026570_0;
v0x1022ac0_0 .alias "in_EX_scode", 1 0, v0x1026c10_0;
v0x1022980_0 .alias "in_EX_update_z_c", 0 0, v0x1026fc0_0;
v0x1022c10_0 .alias "in_MEM_mem_read_write", 0 0, v0x1026380_0;
v0x1022d30_0 .alias "in_MEM_pc_src", 1 0, v0x1026b10_0;
v0x1022db0_0 .alias "in_WB_mem_or_alu", 0 0, v0x10265f0_0;
v0x1022c90_0 .alias "in_WB_reg_write_signal", 0 0, v0x1026de0_0;
v0x1022ee0_0 .alias "in_data_1", 7 0, v0x1026930_0;
v0x1022e30_0 .alias "in_data_2", 7 0, v0x1026a00_0;
v0x1023020_0 .net "in_ins1311", 2 0, L_0x1027e10; 1 drivers
v0x1022f60_0 .net "in_ins70", 7 0, L_0x1027d20; 1 drivers
v0x1023170_0 .alias "in_new_pc", 11 0, v0x1026300_0;
v0x10230a0_0 .var "ins1311", 2 0;
v0x10232d0_0 .var "ins70", 7 0;
v0x10231f0_0 .var "new_pc", 0 0;
v0x1023440_0 .var "out_EX_acode", 2 0;
v0x1023350_0 .var "out_EX_alu_src", 0 0;
v0x10235c0_0 .var "out_EX_is_shift", 0 0;
v0x10234c0_0 .var "out_EX_scode", 1 0;
v0x1023750_0 .var "out_EX_update_z_c", 0 0;
v0x1023640_0 .var "out_MEM_mem_read_write", 0 0;
v0x10236c0_0 .var "out_MEM_pc_src", 1 0;
v0x1023900_0 .var "out_WB_mem_or_alu", 0 0;
v0x1023980_0 .var "out_WB_reg_write_signal", 0 0;
v0x10237d0_0 .var "out_data_1", 7 0;
v0x1023880_0 .var "out_data_2", 7 0;
v0x1023b80_0 .var "out_ins1311", 2 0;
v0x1023c30_0 .var "out_ins70", 7 0;
v0x1023a00_0 .var "out_new_pc", 11 0;
S_0x1020f60 .scope module, "exmem" "EXMEM" 2 45, 5 2, S_0x1001e50;
 .timescale -9 -9;
v0x1020d00_0 .var "MEM_mem_read_write", 0 0;
v0x1021090_0 .var "MEM_pc_src", 1 0;
v0x1021130_0 .var "WB_mem_or_alu", 0 0;
v0x10211d0_0 .var "WB_reg_write_signal", 0 0;
v0x1021280_0 .var "alu_result", 7 0;
v0x1021320_0 .alias "clk", 0 0, v0x1024f90_0;
v0x1021430_0 .var "data_2", 7 0;
v0x10214d0_0 .alias "in_MEM_mem_read_write", 0 0, v0x1025ad0_0;
v0x1021570_0 .alias "in_MEM_pc_src", 1 0, v0x1025c00_0;
v0x1021610_0 .alias "in_WB_mem_or_alu", 0 0, v0x1025b50_0;
v0x10216b0_0 .alias "in_WB_reg_write_signal", 0 0, v0x1025520_0;
v0x1021750_0 .alias "in_alu_result", 7 0, v0x1024ab0_0;
v0x10217d0_0 .alias "in_data_2", 7 0, v0x1025cd0_0;
v0x1021850_0 .alias "in_new_branch_pc", 11 0, v0x1024c50_0;
v0x1021970_0 .alias "in_reg_write", 2 0, v0x1026080_0;
v0x1021a10_0 .var "new_branch_pc", 11 0;
v0x10218d0_0 .var "out_MEM_mem_read_write", 0 0;
v0x1021b70_0 .var "out_MEM_pc_src", 1 0;
v0x1021a90_0 .var "out_WB_mem_or_alu", 0 0;
v0x1021cc0_0 .var "out_WB_reg_write_signal", 0 0;
v0x1021bf0_0 .var "out_alu_result", 7 0;
v0x1021df0_0 .var "out_data_2", 7 0;
v0x1021d40_0 .var "out_new_branch_pc", 11 0;
v0x1021f30_0 .var "out_reg_write", 2 0;
v0x1021e70_0 .var "reg_write", 2 0;
S_0x1020380 .scope module, "memwb" "MEMWB" 2 49, 6 2, S_0x1001e50;
 .timescale -9 -9;
v0x1020470_0 .var "WB_mem_or_alu", 0 0;
v0x1020510_0 .var "WB_reg_write_signal", 0 0;
v0x10205b0_0 .var "alu_result", 7 0;
v0x1020650_0 .alias "clk", 0 0, v0x1024f90_0;
v0x1020700_0 .alias "in_WB_mem_or_alu", 0 0, v0x1025090_0;
v0x1020780_0 .alias "in_WB_reg_write_signal", 0 0, v0x1025340_0;
v0x1020800_0 .alias "in_alu_result", 7 0, v0x1025220_0;
v0x10208b0_0 .alias "in_read_data", 7 0, v0x1025010_0;
v0x1020960_0 .alias "in_reg_write", 2 0, v0x1025610_0;
v0x10209e0_0 .var "out_WB_mem_or_alu", 0 0;
v0x1020ac0_0 .var "out_WB_reg_write_signal", 0 0;
v0x1020b40_0 .var "out_alu_result", 7 0;
v0x1020be0_0 .var "out_read_data", 7 0;
v0x1020c80_0 .var "out_reg_write", 2 0;
v0x1020db0_0 .var "read_data", 7 0;
v0x1020e30_0 .var "reg_write", 2 0;
S_0x101ff30 .scope module, "instruction_memory" "InstructionMemory" 2 51, 7 2, S_0x1001e50;
 .timescale -9 -9;
v0x1020060_0 .net "address", 11 0, v0x1026a90_0; 1 drivers
v0x1020120_0 .var "instruction", 18 0;
v0x10201c0 .array "instructions", 0 4095, 18 0;
v0x1020240_0 .alias "rst", 0 0, v0x1026b90_0;
E_0x101e1e0 .event edge, v0x1020060_0;
S_0x101f530 .scope module, "register_file" "RegisterFile" 2 53, 8 2, S_0x1001e50;
 .timescale -9 -9;
v0x101f860_0 .alias "clk", 0 0, v0x1024f90_0;
v0x101f900_0 .var/i "i", 31 0;
v0x101f9a0_0 .net "in_data", 7 0, L_0x1028250; 1 drivers
v0x101fa40_0 .var "out_data_1", 7 0;
v0x101fac0_0 .var "out_data_2", 7 0;
v0x101fb60_0 .net "reg_read_1", 2 0, L_0x1027f40; 1 drivers
v0x101fc00_0 .net "reg_read_2", 2 0, L_0x10281b0; 1 drivers
v0x101fca0_0 .alias "reg_write", 2 0, v0x1026720_0;
v0x101fd90_0 .alias "reg_write_signal", 0 0, v0x1025340_0;
v0x101fe30 .array "registers", 0 7, 7 0;
v0x101feb0_0 .alias "rst", 0 0, v0x1026b90_0;
E_0x101e310 .event edge, v0xfec370_0;
E_0x101ecf0 .event edge, v0x101fc00_0, v0x101fb60_0;
S_0x101f770 .scope begin, "loop" "loop" 8 25, 8 25, S_0x101f530;
 .timescale -9 -9;
S_0x101f680 .scope begin, "loop2" "loop2" 8 31, 8 31, S_0x101f530;
 .timescale -9 -9;
S_0x101e560 .scope module, "alu" "ALU" 2 55, 9 3, S_0x1001e50;
 .timescale -9 -9;
v0x101ea70_0 .alias/s "A", 7 0, v0x1025ea0_0;
v0x101eb30_0 .net/s "B", 7 0, L_0x1028800; 1 drivers
v0x101ebd0_0 .var "R", 7 0;
v0x101ec70_0 .alias "acode", 2 0, v0x1025790_0;
v0x101ed20_0 .net "carry_in", 0 0, v0x1024e60_0; 1 drivers
v0x101edc0_0 .var "carry_out", 0 0;
v0x101ee60_0 .alias "is_shift", 0 0, v0x1025710_0;
v0x101ef00_0 .var "neg_B", 7 0;
v0x101eff0_0 .alias "rst", 0 0, v0x1026b90_0;
v0x101f0c0_0 .alias "scode", 1 0, v0x1025980_0;
v0x101f1c0_0 .var "temp", 8 0;
v0x101f260_0 .var "temp2", 15 0;
v0x101f370_0 .alias "update_z_c", 0 0, v0x1025a50_0;
v0x101f410_0 .var "zero", 0 0;
E_0x101e650 .event edge, v0x101ec70_0, v0x101f0c0_0, v0x101eb30_0, v0x101ea70_0;
S_0x101e6d0 .scope function, "get_carry_out" "get_carry_out" 9 5, 9 5, S_0x101e560;
 .timescale -9 -9;
v0x101e7c0_0 .var "A", 7 0;
v0x101e880_0 .var "B", 7 0;
v0x101e920_0 .var "C", 7 0;
v0x101e9c0_0 .var "get_carry_out", 0 0;
TD_DataPath.alu.get_carry_out ;
    %ix/load 1, 7, 0;
    %mov 4, 0, 1;
    %jmp/1 T_0.0, 4;
    %load/x1p 8, v0x101e7c0_0, 1;
    %jmp T_0.1;
T_0.0 ;
    %mov 8, 2, 1;
T_0.1 ;
; Save base=8 wid=1 in lookaside.
    %ix/load 1, 7, 0;
    %mov 4, 0, 1;
    %jmp/1 T_0.2, 4;
    %load/x1p 9, v0x101e880_0, 1;
    %jmp T_0.3;
T_0.2 ;
    %mov 9, 2, 1;
T_0.3 ;
; Save base=9 wid=1 in lookaside.
    %and 8, 9, 1;
    %ix/load 1, 7, 0;
    %mov 4, 0, 1;
    %jmp/1 T_0.4, 4;
    %load/x1p 9, v0x101e7c0_0, 1;
    %jmp T_0.5;
T_0.4 ;
    %mov 9, 2, 1;
T_0.5 ;
; Save base=9 wid=1 in lookaside.
    %ix/load 1, 7, 0;
    %mov 4, 0, 1;
    %jmp/1 T_0.6, 4;
    %load/x1p 10, v0x101e880_0, 1;
    %jmp T_0.7;
T_0.6 ;
    %mov 10, 2, 1;
T_0.7 ;
; Save base=10 wid=1 in lookaside.
    %xor 9, 10, 1;
    %ix/load 1, 7, 0;
    %mov 4, 0, 1;
    %jmp/1 T_0.8, 4;
    %load/x1p 10, v0x101e920_0, 1;
    %jmp T_0.9;
T_0.8 ;
    %mov 10, 2, 1;
T_0.9 ;
; Save base=10 wid=1 in lookaside.
    %inv 10, 1;
    %and 9, 10, 1;
    %or 8, 9, 1;
    %set/v v0x101e9c0_0, 8, 1;
    %end;
S_0x101de80 .scope module, "data_memory" "DataMemory" 2 57, 10 2, S_0x1001e50;
 .timescale -9 -9;
v0x101e0a0_0 .alias "address", 7 0, v0x1025220_0;
v0x101e160_0 .alias "clk", 0 0, v0x1024f90_0;
v0x101e210 .array "data", 0 255, 7 0;
v0x101e290_0 .var/i "i", 31 0;
v0x101e340_0 .var "read_data", 7 0;
v0x101e3c0_0 .alias "read_write", 0 0, v0x1024ee0_0;
v0x101e460_0 .alias "rst", 0 0, v0x1026b90_0;
v0x101e4e0_0 .alias "write_data", 7 0, v0x10254a0_0;
E_0x101d9a0 .event edge, v0x101e3c0_0, v0x101e0a0_0;
S_0x101dfb0 .scope begin, "loop" "loop" 10 17, 10 17, S_0x101de80;
 .timescale -9 -9;
S_0xfb8930 .scope module, "stack" "Stack" 2 59, 11 2, S_0x1001e50;
 .timescale -9 -9;
v0xfec370_0 .alias "clk", 0 0, v0x1024f90_0;
v0x101d800 .array "data", 0 7, 11 0;
v0x101d880_0 .var/i "i", 31 0;
v0x101d920_0 .var "overflow", 0 0;
v0x101d9d0_0 .var "pop_data", 11 0;
v0x101da70_0 .alias "pop_sig", 0 0, v0x1026e60_0;
v0x101db50_0 .net "push_data", 11 0, L_0x1028990; 1 drivers
v0x101dbf0_0 .alias "push_sig", 0 0, v0x1026f10_0;
v0x101dce0_0 .alias "rst", 0 0, v0x1026b90_0;
v0x101dd80_0 .var "stack_pointer", 3 0;
E_0xff24a0 .event posedge, v0xfec370_0;
E_0xfefe80 .event edge, v0x101dd80_0;
S_0xff7920 .scope begin, "loop2" "loop2" 11 39, 11 39, S_0xfb8930;
 .timescale -9 -9;
    .scope S_0x1023e10;
T_1 ;
    %wait E_0xff24a0;
    %load/v 8, v0x10240b0_0, 1;
    %mov 9, 0, 11;
    %set/v v0x10241b0_0, 8, 12;
    %load/v 8, v0x1024000_0, 1;
    %mov 9, 0, 18;
    %set/v v0x1024130_0, 8, 19;
    %load/v 8, v0x1023f80_0, 12;
    %set/v v0x10240b0_0, 8, 1;
    %load/v 8, v0x1023f00_0, 19;
    %set/v v0x1024000_0, 8, 1;
    %jmp T_1;
    .thread T_1;
    .scope S_0x1022080;
T_2 ;
    %wait E_0xff24a0;
    %load/v 8, v0x10231f0_0, 1;
    %mov 9, 0, 11;
    %set/v v0x1023a00_0, 8, 12;
    %load/v 8, v0x1022720_0, 8;
    %set/v v0x10237d0_0, 8, 8;
    %load/v 8, v0x10227c0_0, 8;
    %set/v v0x1023880_0, 8, 8;
    %load/v 8, v0x10232d0_0, 8;
    %set/v v0x1023c30_0, 8, 8;
    %load/v 8, v0x10230a0_0, 3;
    %set/v v0x1023b80_0, 8, 3;
    %load/v 8, v0x1023170_0, 12;
    %set/v v0x10231f0_0, 8, 1;
    %load/v 8, v0x1022ee0_0, 8;
    %set/v v0x1022720_0, 8, 8;
    %load/v 8, v0x1022e30_0, 8;
    %set/v v0x10227c0_0, 8, 8;
    %load/v 8, v0x1022f60_0, 8;
    %set/v v0x10232d0_0, 8, 8;
    %load/v 8, v0x1023020_0, 3;
    %set/v v0x10230a0_0, 8, 3;
    %load/v 8, v0x1022270_0, 1;
    %set/v v0x10235c0_0, 8, 1;
    %load/v 8, v0x10221f0_0, 1;
    %set/v v0x1023350_0, 8, 1;
    %load/v 8, v0x10223a0_0, 1;
    %set/v v0x1023750_0, 8, 1;
    %load/v 8, v0x10222f0_0, 2;
    %set/v v0x10234c0_0, 8, 2;
    %load/v 8, v0x1022170_0, 3;
    %set/v v0x1023440_0, 8, 3;
    %load/v 8, v0x1022420_0, 1;
    %set/v v0x1023640_0, 8, 1;
    %load/v 8, v0x10224c0_0, 2;
    %set/v v0x10236c0_0, 8, 2;
    %load/v 8, v0x1022560_0, 1;
    %set/v v0x1023900_0, 8, 1;
    %load/v 8, v0x1022600_0, 1;
    %set/v v0x1023980_0, 8, 1;
    %load/v 8, v0x1022a20_0, 1;
    %set/v v0x1022270_0, 8, 1;
    %load/v 8, v0x1022900_0, 1;
    %set/v v0x10221f0_0, 8, 1;
    %load/v 8, v0x1022980_0, 1;
    %set/v v0x10223a0_0, 8, 1;
    %load/v 8, v0x1022ac0_0, 2;
    %set/v v0x10222f0_0, 8, 2;
    %load/v 8, v0x1022860_0, 3;
    %set/v v0x1022170_0, 8, 3;
    %load/v 8, v0x1022c10_0, 1;
    %set/v v0x1022420_0, 8, 1;
    %load/v 8, v0x1022d30_0, 2;
    %set/v v0x10224c0_0, 8, 2;
    %load/v 8, v0x1022db0_0, 1;
    %set/v v0x1022560_0, 8, 1;
    %load/v 8, v0x1022c90_0, 1;
    %set/v v0x1022600_0, 8, 1;
    %jmp T_2;
    .thread T_2;
    .scope S_0x1020f60;
T_3 ;
    %wait E_0xff24a0;
    %load/v 8, v0x1021a10_0, 12;
    %set/v v0x1021d40_0, 8, 12;
    %load/v 8, v0x1021280_0, 8;
    %set/v v0x1021bf0_0, 8, 8;
    %load/v 8, v0x1021430_0, 8;
    %set/v v0x1021df0_0, 8, 8;
    %load/v 8, v0x1021e70_0, 3;
    %set/v v0x1021f30_0, 8, 3;
    %load/v 8, v0x1021850_0, 12;
    %set/v v0x1021a10_0, 8, 12;
    %load/v 8, v0x1021750_0, 8;
    %set/v v0x1021280_0, 8, 8;
    %load/v 8, v0x10217d0_0, 8;
    %set/v v0x1021430_0, 8, 8;
    %load/v 8, v0x1021970_0, 3;
    %set/v v0x1021e70_0, 8, 3;
    %load/v 8, v0x1020d00_0, 1;
    %set/v v0x10218d0_0, 8, 1;
    %load/v 8, v0x1021090_0, 2;
    %set/v v0x1021b70_0, 8, 2;
    %load/v 8, v0x1021130_0, 1;
    %set/v v0x1021a90_0, 8, 1;
    %load/v 8, v0x10211d0_0, 1;
    %set/v v0x1021cc0_0, 8, 1;
    %load/v 8, v0x10214d0_0, 1;
    %set/v v0x1020d00_0, 8, 1;
    %load/v 8, v0x1021570_0, 2;
    %set/v v0x1021090_0, 8, 2;
    %load/v 8, v0x1021610_0, 1;
    %set/v v0x1021130_0, 8, 1;
    %load/v 8, v0x10216b0_0, 1;
    %set/v v0x10211d0_0, 8, 1;
    %jmp T_3;
    .thread T_3;
    .scope S_0x1020380;
T_4 ;
    %wait E_0xff24a0;
    %load/v 8, v0x1020db0_0, 8;
    %set/v v0x1020be0_0, 8, 8;
    %load/v 8, v0x10205b0_0, 8;
    %set/v v0x1020b40_0, 8, 8;
    %load/v 8, v0x1020e30_0, 3;
    %set/v v0x1020c80_0, 8, 3;
    %load/v 8, v0x10208b0_0, 8;
    %set/v v0x1020db0_0, 8, 8;
    %load/v 8, v0x1020800_0, 8;
    %set/v v0x10205b0_0, 8, 8;
    %load/v 8, v0x1020960_0, 3;
    %set/v v0x1020e30_0, 8, 3;
    %load/v 8, v0x1020470_0, 1;
    %set/v v0x10209e0_0, 8, 1;
    %load/v 8, v0x1020510_0, 1;
    %set/v v0x1020ac0_0, 8, 1;
    %load/v 8, v0x1020700_0, 1;
    %set/v v0x1020470_0, 8, 1;
    %load/v 8, v0x1020780_0, 1;
    %set/v v0x1020510_0, 8, 1;
    %jmp T_4;
    .thread T_4;
    .scope S_0x101ff30;
T_5 ;
    %vpi_call 7 6 "$readmemb", "instructions.mips", v0x10201c0;
    %end;
    .thread T_5;
    .scope S_0x101ff30;
T_6 ;
    %wait E_0x101e1e0;
    %ix/getv 3, v0x1020060_0;
    %load/av 8, v0x10201c0, 19;
    %set/v v0x1020120_0, 8, 19;
    %jmp T_6;
    .thread T_6, $push;
    .scope S_0x101f530;
T_7 ;
    %wait E_0xff24a0;
    %load/v 8, v0x101fd90_0, 1;
    %load/v 9, v0x101f860_0, 1;
    %and 8, 9, 1;
    %jmp/0xz  T_7.0, 8;
    %load/v 8, v0x101f9a0_0, 8;
    %ix/getv 3, v0x101fca0_0;
    %jmp/1 t_0, 4;
    %ix/load 0, 8, 0; word width
    %ix/load 1, 0, 0; part off
    %assign/av v0x101fe30, 0, 8;
t_0 ;
T_7.0 ;
    %jmp T_7;
    .thread T_7;
    .scope S_0x101f530;
T_8 ;
    %ix/getv 3, v0x101fb60_0;
    %load/av 8, v0x101fe30, 8;
    %set/v v0x101fa40_0, 8, 8;
    %ix/getv 3, v0x101fc00_0;
    %load/av 8, v0x101fe30, 8;
    %set/v v0x101fac0_0, 8, 8;
   %ix/load 1, 0, 0;
   %ix/load 3, 0, 0;
   %set/av v0x101fe30, 0, 8;
    %end;
    .thread T_8;
    .scope S_0x101f530;
T_9 ;
    %wait E_0x101ecf0;
    %ix/getv 3, v0x101fb60_0;
    %load/av 8, v0x101fe30, 8;
    %set/v v0x101fa40_0, 8, 8;
    %ix/getv 3, v0x101fc00_0;
    %load/av 8, v0x101fe30, 8;
    %set/v v0x101fac0_0, 8, 8;
   %ix/load 1, 0, 0;
   %ix/load 3, 0, 0;
   %set/av v0x101fe30, 0, 8;
    %jmp T_9;
    .thread T_9, $push;
    .scope S_0x101f530;
T_10 ;
    %wait E_0x101e310;
    %set/v v0x101f900_0, 0, 32;
T_10.0 ;
    %load/v 8, v0x101f900_0, 32;
   %cmpi/s 8, 8, 32;
    %jmp/0xz T_10.1, 5;
    %fork t_2, S_0x101f770;
    %jmp t_1;
    .scope S_0x101f770;
t_2 ;
    %vpi_call 8 26 "$display", "register[%d]:  %b", v0x101f900_0, &A<v0x101fe30, v0x101f900_0 >;
    %end;
    .scope S_0x101f530;
t_1 %join;
    %ix/load 0, 1, 0;
    %load/vp0/s 8, v0x101f900_0, 32;
    %set/v v0x101f900_0, 8, 32;
    %jmp T_10.0;
T_10.1 ;
    %jmp T_10;
    .thread T_10, $push;
    .scope S_0x101f530;
T_11 ;
    %set/v v0x101f900_0, 0, 32;
T_11.0 ;
    %load/v 8, v0x101f900_0, 32;
   %cmpi/s 8, 8, 32;
    %jmp/0xz T_11.1, 5;
    %fork t_4, S_0x101f680;
    %jmp t_3;
    .scope S_0x101f680;
t_4 ;
    %vpi_call 8 32 "$dumpvars", 1'sb0, &A<v0x101fe30, v0x101f900_0 >;
    %end;
    .scope S_0x101f530;
t_3 %join;
    %ix/load 0, 1, 0;
    %load/vp0/s 8, v0x101f900_0, 32;
    %set/v v0x101f900_0, 8, 32;
    %jmp T_11.0;
T_11.1 ;
    %end;
    .thread T_11;
    .scope S_0x101e560;
T_12 ;
    %set/v v0x101f410_0, 0, 1;
    %set/v v0x101edc0_0, 0, 1;
    %end;
    .thread T_12;
    .scope S_0x101e560;
T_13 ;
    %wait E_0x101e650;
    %load/v 8, v0x101eb30_0, 8;
    %inv 8, 8;
    %addi 8, 1, 8;
    %set/v v0x101ef00_0, 8, 8;
    %load/v 8, v0x101ee60_0, 1;
    %cmpi/u 8, 0, 1;
    %jmp/1 T_13.0, 6;
    %cmpi/u 8, 1, 1;
    %jmp/1 T_13.1, 6;
    %jmp T_13.2;
T_13.0 ;
    %load/v 8, v0x101ec70_0, 3;
    %cmpi/u 8, 0, 3;
    %jmp/1 T_13.3, 6;
    %cmpi/u 8, 1, 3;
    %jmp/1 T_13.4, 6;
    %cmpi/u 8, 2, 3;
    %jmp/1 T_13.5, 6;
    %cmpi/u 8, 3, 3;
    %jmp/1 T_13.6, 6;
    %cmpi/u 8, 4, 3;
    %jmp/1 T_13.7, 6;
    %cmpi/u 8, 5, 3;
    %jmp/1 T_13.8, 6;
    %cmpi/u 8, 6, 3;
    %jmp/1 T_13.9, 6;
    %cmpi/u 8, 7, 3;
    %jmp/1 T_13.10, 6;
    %jmp T_13.11;
T_13.3 ;
    %load/v 8, v0x101ea70_0, 8;
    %mov 16, 15, 1;
    %load/v 17, v0x101eb30_0, 8;
    %mov 25, 24, 1;
    %add 8, 17, 9;
    %set/v v0x101f1c0_0, 8, 9;
    %load/v 8, v0x101f370_0, 1;
    %mov 9, 0, 2;
    %cmpi/u 8, 1, 3;
    %jmp/0xz  T_13.12, 4;
    %load/v 8, v0x101ea70_0, 8;
    %set/v v0x101e7c0_0, 8, 8;
    %load/v 8, v0x101eb30_0, 8;
    %set/v v0x101e880_0, 8, 8;
    %load/v 8, v0x101f1c0_0, 9;
    %set/v v0x101e920_0, 8, 8;
    %fork TD_DataPath.alu.get_carry_out, S_0x101e6d0;
    %join;
    %load/v  8, v0x101e9c0_0, 1;
    %set/v v0x101edc0_0, 8, 1;
T_13.12 ;
    %jmp T_13.11;
T_13.4 ;
    %load/v 8, v0x101ea70_0, 8;
    %mov 16, 0, 1;
    %load/v 17, v0x101eb30_0, 8;
    %mov 25, 0, 1;
    %add 8, 17, 9;
    %load/v 17, v0x101ed20_0, 1;
    %mov 18, 0, 8;
    %add 8, 17, 9;
    %set/v v0x101f1c0_0, 8, 9;
    %load/v 8, v0x101f370_0, 1;
    %mov 9, 0, 2;
    %cmpi/u 8, 1, 3;
    %jmp/0xz  T_13.14, 4;
    %load/v 8, v0x101ea70_0, 8;
    %set/v v0x101e7c0_0, 8, 8;
    %load/v 8, v0x101eb30_0, 8;
    %load/v 16, v0x101ed20_0, 1;
    %mov 17, 0, 7;
    %add 8, 16, 8;
    %set/v v0x101e880_0, 8, 8;
    %load/v 8, v0x101f1c0_0, 9;
    %set/v v0x101e920_0, 8, 8;
    %fork TD_DataPath.alu.get_carry_out, S_0x101e6d0;
    %join;
    %load/v  8, v0x101e9c0_0, 1;
    %set/v v0x101edc0_0, 8, 1;
T_13.14 ;
    %jmp T_13.11;
T_13.5 ;
    %load/v 8, v0x101ea70_0, 8;
    %mov 16, 0, 3;
    %mov 19, 0, 21;
    %load/v 40, v0x101eb30_0, 8;
    %mov 48, 47, 1;
    %mov 49, 47, 1;
    %mov 50, 47, 1;
    %mov 51, 47, 1;
    %mov 52, 47, 1;
    %mov 53, 47, 1;
    %mov 54, 47, 1;
    %mov 55, 47, 1;
    %mov 56, 47, 1;
    %mov 57, 47, 1;
    %mov 58, 47, 1;
    %mov 59, 47, 1;
    %mov 60, 47, 1;
    %mov 61, 47, 1;
    %mov 62, 47, 1;
    %mov 63, 47, 1;
    %mov 64, 47, 1;
    %mov 65, 47, 1;
    %mov 66, 47, 1;
    %mov 67, 47, 1;
    %mov 68, 47, 1;
    %mov 69, 47, 1;
    %mov 70, 47, 1;
    %mov 71, 47, 1;
    %inv 40, 32;
    %add 8, 40, 32;
    %addi 8, 1, 32;
    %set/v v0x101f1c0_0, 8, 9;
    %load/v 8, v0x101f370_0, 1;
    %mov 9, 0, 2;
    %cmpi/u 8, 1, 3;
    %jmp/0xz  T_13.16, 4;
    %load/v 8, v0x101ea70_0, 8;
    %set/v v0x101e7c0_0, 8, 8;
    %load/v 8, v0x101eb30_0, 8;
    %inv 8, 8;
    %addi 8, 1, 8;
    %set/v v0x101e880_0, 8, 8;
    %load/v 8, v0x101f1c0_0, 9;
    %set/v v0x101e920_0, 8, 8;
    %fork TD_DataPath.alu.get_carry_out, S_0x101e6d0;
    %join;
    %load/v  8, v0x101e9c0_0, 1;
    %set/v v0x101edc0_0, 8, 1;
T_13.16 ;
    %jmp T_13.11;
T_13.6 ;
    %load/v 8, v0x101ea70_0, 8;
    %mov 16, 0, 4;
    %mov 20, 0, 20;
    %load/v 40, v0x101eb30_0, 8;
    %mov 48, 47, 1;
    %mov 49, 47, 1;
    %mov 50, 47, 1;
    %mov 51, 47, 1;
    %mov 52, 47, 1;
    %mov 53, 47, 1;
    %mov 54, 47, 1;
    %mov 55, 47, 1;
    %mov 56, 47, 1;
    %mov 57, 47, 1;
    %mov 58, 47, 1;
    %mov 59, 47, 1;
    %mov 60, 47, 1;
    %mov 61, 47, 1;
    %mov 62, 47, 1;
    %mov 63, 47, 1;
    %mov 64, 47, 1;
    %mov 65, 47, 1;
    %mov 66, 47, 1;
    %mov 67, 47, 1;
    %mov 68, 47, 1;
    %mov 69, 47, 1;
    %mov 70, 47, 1;
    %mov 71, 47, 1;
    %inv 40, 32;
    %add 8, 40, 32;
    %addi 8, 1, 32;
    %load/v 40, v0x101ed20_0, 1;
    %mov 41, 0, 31;
    %sub 8, 40, 32;
    %set/v v0x101f1c0_0, 8, 9;
    %load/v 8, v0x101f370_0, 1;
    %mov 9, 0, 2;
    %cmpi/u 8, 1, 3;
    %jmp/0xz  T_13.18, 4;
    %load/v 8, v0x101ea70_0, 8;
    %set/v v0x101e7c0_0, 8, 8;
    %load/v 8, v0x101eb30_0, 8;
    %inv 8, 8;
    %addi 8, 1, 8;
    %load/v 16, v0x101ed20_0, 1;
    %mov 17, 0, 7;
    %add 8, 16, 8;
    %set/v v0x101e880_0, 8, 8;
    %load/v 8, v0x101f1c0_0, 9;
    %set/v v0x101e920_0, 8, 8;
    %fork TD_DataPath.alu.get_carry_out, S_0x101e6d0;
    %join;
    %load/v  8, v0x101e9c0_0, 1;
    %set/v v0x101edc0_0, 8, 1;
T_13.18 ;
    %jmp T_13.11;
T_13.7 ;
    %load/v 8, v0x101ea70_0, 8;
    %mov 16, 15, 1;
    %load/v 17, v0x101eb30_0, 8;
    %mov 25, 24, 1;
    %and 8, 17, 9;
    %set/v v0x101f1c0_0, 8, 9;
    %jmp T_13.11;
T_13.8 ;
    %load/v 8, v0x101ea70_0, 8;
    %mov 16, 15, 1;
    %load/v 17, v0x101eb30_0, 8;
    %mov 25, 24, 1;
    %or 8, 17, 9;
    %set/v v0x101f1c0_0, 8, 9;
    %jmp T_13.11;
T_13.9 ;
    %load/v 8, v0x101ea70_0, 8;
    %mov 16, 15, 1;
    %load/v 17, v0x101eb30_0, 8;
    %mov 25, 24, 1;
    %xor 8, 17, 9;
    %set/v v0x101f1c0_0, 8, 9;
    %jmp T_13.11;
T_13.10 ;
    %load/v 8, v0x101ea70_0, 8;
    %mov 16, 15, 1;
    %load/v 17, v0x101eb30_0, 8;
    %mov 25, 24, 1;
    %and 8, 17, 9;
    %inv 8, 9;
    %set/v v0x101f1c0_0, 8, 9;
    %jmp T_13.11;
T_13.11 ;
    %load/v 8, v0x101f1c0_0, 8; Only need 8 of 9 bits
; Save base=8 wid=8 in lookaside.
    %set/v v0x101ebd0_0, 8, 8;
    %jmp T_13.2;
T_13.1 ;
    %load/v 8, v0x101eb30_0, 8;
    %cmpi/u 8, 0, 8;
    %jmp/0xz  T_13.20, 4;
    %load/v 8, v0x101ea70_0, 8;
    %set/v v0x101ebd0_0, 8, 8;
    %jmp T_13.21;
T_13.20 ;
    %load/v 8, v0x101f0c0_0, 2;
    %cmpi/u 8, 0, 2;
    %jmp/1 T_13.22, 6;
    %cmpi/u 8, 1, 2;
    %jmp/1 T_13.23, 6;
    %cmpi/u 8, 2, 2;
    %jmp/1 T_13.24, 6;
    %cmpi/u 8, 3, 2;
    %jmp/1 T_13.25, 6;
    %jmp T_13.26;
T_13.22 ;
    %movi 8, 8, 32;
    %load/v 40, v0x101eb30_0, 8;
    %mov 48, 47, 1;
    %mov 49, 47, 1;
    %mov 50, 47, 1;
    %mov 51, 47, 1;
    %mov 52, 47, 1;
    %mov 53, 47, 1;
    %mov 54, 47, 1;
    %mov 55, 47, 1;
    %mov 56, 47, 1;
    %mov 57, 47, 1;
    %mov 58, 47, 1;
    %mov 59, 47, 1;
    %mov 60, 47, 1;
    %mov 61, 47, 1;
    %mov 62, 47, 1;
    %mov 63, 47, 1;
    %mov 64, 47, 1;
    %mov 65, 47, 1;
    %mov 66, 47, 1;
    %mov 67, 47, 1;
    %mov 68, 47, 1;
    %mov 69, 47, 1;
    %mov 70, 47, 1;
    %mov 71, 47, 1;
    %sub 8, 40, 32;
    %ix/get/s 1, 8, 32;
    %jmp/1 T_13.27, 4;
    %load/x1p 8, v0x101ea70_0, 1;
    %jmp T_13.28;
T_13.27 ;
    %mov 8, 2, 1;
T_13.28 ;
; Save base=8 wid=1 in lookaside.
    %set/v v0x101edc0_0, 8, 1;
    %load/v 8, v0x101ea70_0, 8;
    %load/v 16, v0x101eb30_0, 8;
    %ix/get 0, 16, 8;
    %shiftl/i0  8, 8;
    %set/v v0x101ebd0_0, 8, 8;
    %jmp T_13.26;
T_13.23 ;
    %load/v 8, v0x101eb30_0, 8;
    %mov 16, 15, 1;
    %mov 17, 15, 1;
    %mov 18, 15, 1;
    %mov 19, 15, 1;
    %mov 20, 15, 1;
    %mov 21, 15, 1;
    %mov 22, 15, 1;
    %mov 23, 15, 1;
    %mov 24, 15, 1;
    %mov 25, 15, 1;
    %mov 26, 15, 1;
    %mov 27, 15, 1;
    %mov 28, 15, 1;
    %mov 29, 15, 1;
    %mov 30, 15, 1;
    %mov 31, 15, 1;
    %mov 32, 15, 1;
    %mov 33, 15, 1;
    %mov 34, 15, 1;
    %mov 35, 15, 1;
    %mov 36, 15, 1;
    %mov 37, 15, 1;
    %mov 38, 15, 1;
    %mov 39, 15, 1;
    %subi 8, 1, 32;
    %ix/get/s 1, 8, 32;
    %jmp/1 T_13.29, 4;
    %load/x1p 8, v0x101ea70_0, 1;
    %jmp T_13.30;
T_13.29 ;
    %mov 8, 2, 1;
T_13.30 ;
; Save base=8 wid=1 in lookaside.
    %set/v v0x101edc0_0, 8, 1;
    %load/v 8, v0x101ea70_0, 8;
    %load/v 16, v0x101eb30_0, 8;
    %ix/get 0, 16, 8;
    %shiftr/s/i0  8, 8;
    %set/v v0x101ebd0_0, 8, 8;
    %jmp T_13.26;
T_13.24 ;
    %load/v 8, v0x101ea70_0, 8;
    %load/v 16, v0x101ea70_0, 8;
    %load/v 24, v0x101eb30_0, 8;
    %ix/get 0, 24, 8;
    %shiftl/i0  8, 16;
    %set/v v0x101f260_0, 8, 16;
    %ix/load 1, 8, 0;
    %mov 4, 0, 1;
    %jmp/1 T_13.31, 4;
    %load/x1p 8, v0x101f260_0, 8;
    %jmp T_13.32;
T_13.31 ;
    %mov 8, 2, 8;
T_13.32 ;
; Save base=8 wid=8 in lookaside.
    %set/v v0x101ebd0_0, 8, 8;
    %movi 8, 7, 32;
    %load/v 40, v0x101eb30_0, 8;
    %mov 48, 47, 1;
    %mov 49, 47, 1;
    %mov 50, 47, 1;
    %mov 51, 47, 1;
    %mov 52, 47, 1;
    %mov 53, 47, 1;
    %mov 54, 47, 1;
    %mov 55, 47, 1;
    %mov 56, 47, 1;
    %mov 57, 47, 1;
    %mov 58, 47, 1;
    %mov 59, 47, 1;
    %mov 60, 47, 1;
    %mov 61, 47, 1;
    %mov 62, 47, 1;
    %mov 63, 47, 1;
    %mov 64, 47, 1;
    %mov 65, 47, 1;
    %mov 66, 47, 1;
    %mov 67, 47, 1;
    %mov 68, 47, 1;
    %mov 69, 47, 1;
    %mov 70, 47, 1;
    %mov 71, 47, 1;
    %sub 8, 40, 32;
    %ix/get/s 1, 8, 32;
    %jmp/1 T_13.33, 4;
    %load/x1p 8, v0x101ea70_0, 1;
    %jmp T_13.34;
T_13.33 ;
    %mov 8, 2, 1;
T_13.34 ;
; Save base=8 wid=1 in lookaside.
    %set/v v0x101edc0_0, 8, 1;
    %jmp T_13.26;
T_13.25 ;
    %load/v 8, v0x101ea70_0, 8;
    %load/v 16, v0x101ea70_0, 8;
    %load/v 24, v0x101eb30_0, 8;
    %ix/get 0, 24, 8;
    %shiftr/i0  8, 16;
    %set/v v0x101f260_0, 8, 16;
    %load/v 8, v0x101f260_0, 8; Only need 8 of 16 bits
; Save base=8 wid=8 in lookaside.
    %set/v v0x101ebd0_0, 8, 8;
    %load/v 8, v0x101eb30_0, 8;
    %mov 16, 15, 1;
    %mov 17, 15, 1;
    %mov 18, 15, 1;
    %mov 19, 15, 1;
    %mov 20, 15, 1;
    %mov 21, 15, 1;
    %mov 22, 15, 1;
    %mov 23, 15, 1;
    %mov 24, 15, 1;
    %mov 25, 15, 1;
    %mov 26, 15, 1;
    %mov 27, 15, 1;
    %mov 28, 15, 1;
    %mov 29, 15, 1;
    %mov 30, 15, 1;
    %mov 31, 15, 1;
    %mov 32, 15, 1;
    %mov 33, 15, 1;
    %mov 34, 15, 1;
    %mov 35, 15, 1;
    %mov 36, 15, 1;
    %mov 37, 15, 1;
    %mov 38, 15, 1;
    %mov 39, 15, 1;
    %subi 8, 1, 32;
    %ix/get/s 1, 8, 32;
    %jmp/1 T_13.35, 4;
    %load/x1p 8, v0x101ea70_0, 1;
    %jmp T_13.36;
T_13.35 ;
    %mov 8, 2, 1;
T_13.36 ;
; Save base=8 wid=1 in lookaside.
    %set/v v0x101edc0_0, 8, 1;
    %jmp T_13.26;
T_13.26 ;
T_13.21 ;
    %jmp T_13.2;
T_13.2 ;
    %load/v 8, v0x101f370_0, 1;
    %mov 9, 0, 2;
    %cmpi/u 8, 1, 3;
    %jmp/0xz  T_13.37, 4;
    %load/v 8, v0x101ebd0_0, 8;
    %cmpi/u 8, 0, 8;
    %mov 8, 4, 1;
    %set/v v0x101f410_0, 8, 1;
T_13.37 ;
    %jmp T_13;
    .thread T_13, $push;
    .scope S_0x101de80;
T_14 ;
    %wait E_0xff24a0;
    %load/v 8, v0x101e3c0_0, 1;
    %load/v 9, v0x101e160_0, 1;
    %and 8, 9, 1;
    %jmp/0xz  T_14.0, 8;
    %load/v 8, v0x101e4e0_0, 8;
    %ix/getv 3, v0x101e0a0_0;
    %jmp/1 t_5, 4;
    %ix/load 0, 8, 0; word width
    %ix/load 1, 0, 0; part off
    %assign/av v0x101e210, 0, 8;
t_5 ;
T_14.0 ;
    %jmp T_14;
    .thread T_14;
    .scope S_0x101de80;
T_15 ;
    %wait E_0x101d9a0;
    %load/v 8, v0x101e3c0_0, 1;
    %mov 9, 0, 1;
    %cmpi/u 8, 0, 2;
    %jmp/0xz  T_15.0, 4;
    %ix/getv 3, v0x101e0a0_0;
    %load/av 8, v0x101e210, 8;
    %set/v v0x101e340_0, 8, 8;
T_15.0 ;
    %jmp T_15;
    .thread T_15, $push;
    .scope S_0x101de80;
T_16 ;
    %set/v v0x101e290_0, 0, 32;
T_16.0 ;
    %load/v 8, v0x101e290_0, 32;
   %cmpi/s 8, 6, 32;
    %jmp/0xz T_16.1, 5;
    %fork t_7, S_0x101dfb0;
    %jmp t_6;
    .scope S_0x101dfb0;
t_7 ;
    %ix/load 0, 100, 0;
    %load/vp0/s 8, v0x101e290_0, 32;
    %vpi_call 10 18 "$dumpvars", 1'sb0, &A<v0x101e210, 8 32>;
    %end;
    .scope S_0x101de80;
t_6 %join;
    %ix/load 0, 1, 0;
    %load/vp0/s 8, v0x101e290_0, 32;
    %set/v v0x101e290_0, 8, 32;
    %jmp T_16.0;
T_16.1 ;
    %end;
    .thread T_16;
    .scope S_0xfb8930;
T_17 ;
    %ix/load 0, 1, 0;
    %assign/v0 v0x101d920_0, 0, 0;
    %end;
    .thread T_17;
    .scope S_0xfb8930;
T_18 ;
    %set/v v0x101dd80_0, 0, 4;
    %end;
    .thread T_18;
    .scope S_0xfb8930;
T_19 ;
    %wait E_0xfefe80;
    %load/v 8, v0x101dd80_0, 4;
    %cmpi/u 8, 0, 4;
    %inv 4, 1;
    %jmp/0xz  T_19.0, 4;
    %load/v 20, v0x101dd80_0, 4;
    %movi 24, 0, 28;
    %subi 20, 1, 32;
    %ix/get 3, 20, 32;
    %load/av 8, v0x101d800, 12;
    %set/v v0x101d9d0_0, 8, 12;
T_19.0 ;
    %jmp T_19;
    .thread T_19, $push;
    .scope S_0xfb8930;
T_20 ;
    %wait E_0xff24a0;
    %load/v 8, v0x101dbf0_0, 1;
    %jmp/0xz  T_20.0, 8;
    %load/v 8, v0x101dd80_0, 4;
    %cmpi/u 8, 8, 4;
    %jmp/0xz  T_20.2, 4;
    %ix/load 0, 1, 0;
    %assign/v0 v0x101d920_0, 0, 1;
    %jmp T_20.3;
T_20.2 ;
    %load/v 8, v0x101db50_0, 12;
    %ix/getv 3, v0x101dd80_0;
    %jmp/1 t_8, 4;
    %ix/load 0, 12, 0; word width
    %ix/load 1, 0, 0; part off
    %assign/av v0x101d800, 0, 8;
t_8 ;
    %load/v 8, v0x101dd80_0, 4;
    %mov 12, 0, 28;
    %addi 8, 1, 32;
    %ix/load 0, 4, 0;
    %assign/v0 v0x101dd80_0, 0, 8;
T_20.3 ;
T_20.0 ;
    %jmp T_20;
    .thread T_20;
    .scope S_0xfb8930;
T_21 ;
    %wait E_0xff24a0;
    %load/v 8, v0x101da70_0, 1;
    %jmp/0xz  T_21.0, 8;
    %load/v 8, v0x101dd80_0, 4;
    %cmpi/u 8, 0, 4;
    %inv 4, 1;
    %jmp/0xz  T_21.2, 4;
    %load/v 8, v0x101dd80_0, 4;
    %mov 12, 0, 28;
    %subi 8, 1, 32;
    %ix/load 0, 4, 0;
    %assign/v0 v0x101dd80_0, 0, 8;
T_21.2 ;
T_21.0 ;
    %jmp T_21;
    .thread T_21;
    .scope S_0xfb8930;
T_22 ;
    %set/v v0x101d880_0, 0, 32;
T_22.0 ;
    %load/v 8, v0x101d880_0, 32;
   %cmpi/s 8, 8, 32;
    %jmp/0xz T_22.1, 5;
    %fork t_10, S_0xff7920;
    %jmp t_9;
    .scope S_0xff7920;
t_10 ;
    %vpi_call 11 40 "$dumpvars", 1'sb0, &A<v0x101d800, v0x101d880_0 >;
    %end;
    .scope S_0xfb8930;
t_9 %join;
    %ix/load 0, 1, 0;
    %load/vp0/s 8, v0x101d880_0, 32;
    %set/v v0x101d880_0, 8, 32;
    %jmp T_22.0;
T_22.1 ;
    %end;
    .thread T_22;
    .scope S_0x1001e50;
T_23 ;
    %set/v v0x1026a90_0, 0, 12;
    %end;
    .thread T_23;
    .scope S_0x1001e50;
T_24 ;
    %wait E_0xff24a0;
    %load/v 8, v0x1026fc0_0, 1;
    %mov 9, 0, 2;
    %cmpi/u 8, 1, 3;
    %jmp/0xz  T_24.0, 4;
    %load/v 8, v0x1024bd0_0, 1;
    %ix/load 0, 1, 0;
    %assign/v0 v0x1024e60_0, 0, 8;
T_24.0 ;
    %load/v 8, v0x10251a0_0, 2;
    %cmpi/u 8, 0, 2;
    %jmp/1 T_24.2, 6;
    %cmpi/u 8, 1, 2;
    %jmp/1 T_24.3, 6;
    %cmpi/u 8, 2, 2;
    %jmp/1 T_24.4, 6;
    %cmpi/u 8, 3, 2;
    %jmp/1 T_24.5, 6;
    %jmp T_24.6;
T_24.2 ;
    %load/v 8, v0x1026a90_0, 12;
    %mov 20, 0, 20;
    %addi 8, 1, 32;
    %ix/load 0, 12, 0;
    %assign/v0 v0x1026a90_0, 0, 8;
    %jmp T_24.6;
T_24.3 ;
    %load/v 8, v0x1026280_0, 12; Only need 12 of 19 bits
; Save base=8 wid=12 in lookaside.
    %ix/load 0, 12, 0;
    %assign/v0 v0x1026a90_0, 0, 8;
    %jmp T_24.6;
T_24.4 ;
    %load/v 8, v0x1026c90_0, 12;
    %ix/load 0, 12, 0;
    %assign/v0 v0x1026a90_0, 0, 8;
    %jmp T_24.6;
T_24.5 ;
    %load/v 8, v0x1024c50_0, 12;
    %ix/load 0, 12, 0;
    %assign/v0 v0x1026a90_0, 0, 8;
    %jmp T_24.6;
T_24.6 ;
    %jmp T_24;
    .thread T_24;
    .scope S_0x1001e50;
T_25 ;
    %wait E_0xfb9870;
    %vpi_call 2 25 "$display", "reg_out_1:  %b", v0x1026930_0;
    %jmp T_25;
    .thread T_25, $push;
# The file index is used to find the file name in the following table.
:file_names 12;
    "N/A";
    "<interactive>";
    "data_path.v";
    "registers/IFID.v";
    "registers/IDEX.v";
    "registers/EXMEM.v";
    "registers/MEMWB.v";
    "instruction_memory.v";
    "register_file.v";
    "alu.v";
    "data_memory.v";
    "stack.v";
